Compiled jquery.js  (3ms)  (pid 44235)
Compiled jquery_ujs.js  (1ms)  (pid 44235)
Compiled coda-slider.1.1.1.js  (0ms)  (pid 44235)
Compiled custom.js  (0ms)  (pid 44235)
Compiled jquery-1.2.1.pack.js  (0ms)  (pid 44235)
Compiled jquery-easing-compatibility.1.2.pack.js  (0ms)  (pid 44235)
Compiled jquery-easing.1.2.pack.js  (0ms)  (pid 44235)
Compiled jquery.localscroll-1.2.6-min.js  (0ms)  (pid 44235)
Compiled jquery.scrollTo-1.4.0-min.js  (0ms)  (pid 44235)
Compiled static_pages.js  (288ms)  (pid 44235)
Compiled thickbox-compressed.js  (0ms)  (pid 44235)
Compiled application.js  (470ms)  (pid 44235)
Compiled jquery.js  (2ms)  (pid 44581)
Compiled jquery_ujs.js  (0ms)  (pid 44581)
Compiled coda-slider.1.1.1.js  (0ms)  (pid 44581)
Compiled custom.js  (0ms)  (pid 44581)
Compiled jquery-1.2.1.pack.js  (0ms)  (pid 44581)
Compiled jquery-easing-compatibility.1.2.pack.js  (0ms)  (pid 44581)
Compiled jquery-easing.1.2.pack.js  (0ms)  (pid 44581)
Compiled jquery.localscroll-1.2.6-min.js  (0ms)  (pid 44581)
Compiled jquery.scrollTo-1.4.0-min.js  (0ms)  (pid 44581)
Compiled static_pages.js  (245ms)  (pid 44581)
Compiled thickbox-compressed.js  (1ms)  (pid 44581)
Compiled application.js  (449ms)  (pid 44581)
